1592893576774	mozrunner::runner	INFO	Running command: "C:\\Program Files\\Mozilla Firefox\\firefox.exe" "-marionette" "-foreground" "-no-remote" "-profile" "C:\\Users\\elsys\\AppData\\Local\\Temp\\rust_mozprofileit5QQ4"
JavaScript error: resource://gre/modules/XULStore.jsm, line 66: Error: Can't find profile directory.
1592893578590	Marionette	INFO	Listening on port 56794
1592893578822	Marionette	WARN	TLS certificate errors will be ignored for this session
JavaScript error: resource://gre/actors/AutoCompleteChild.jsm, line 196: Error: Invalid autocomplete selectedIndex
1592893590068	Marionette	INFO	Stopped listening on port 56794

###!!! [Child][RunMessage] Error: Channel closing: too late to send/recv, messages will be lost


###!!! [Child][MessageChannel::SendAndWait] Error: Channel error: cannot send/recv

1594520528151	webdriver::command	WARN	You are using deprecated legacy session negotiation patterns (desiredCapabilities/requiredCapabilities), see https://developer.mozilla.org/en-US/docs/Web/WebDriver/Capabilities#Legacy
1594520528164	mozrunner::runner	INFO	Running command: "C:\\Program Files\\Mozilla Firefox\\firefox.exe" "-marionette" "-foreground" "-no-remote" "-profile" "C:\\Users\\elsys\\AppData\\Local\\Temp\\rust_mozprofile2ehi05"
JavaScript error: resource://gre/modules/XULStore.jsm, line 66: Error: Can't find profile directory.
1594520530249	Marionette	INFO	Listening on port 56322
1594520530280	Marionette	WARN	TLS certificate errors will be ignored for this session
JavaScript error: resource://gre/modules/URIFixup.jsm, line 281: NS_ERROR_FAILURE: Should pass a non-null uri
1594520552866	Marionette	INFO	Stopped listening on port 56322

###!!! [Child][RunMessage] Error: Channel closing: too late to send/recv, messages will be lost


###!!! [Child][MessageChannel::SendAndWait] Error: Channel error: cannot send/recv

1594520571776	webdriver::command	WARN	You are using deprecated legacy session negotiation patterns (desiredCapabilities/requiredCapabilities), see https://developer.mozilla.org/en-US/docs/Web/WebDriver/Capabilities#Legacy
1594520571814	mozrunner::runner	INFO	Running command: "C:\\Program Files\\Mozilla Firefox\\firefox.exe" "-marionette" "-foreground" "-no-remote" "-profile" "C:\\Users\\elsys\\AppData\\Local\\Temp\\rust_mozprofile13wvZZ"
JavaScript error: resource://gre/modules/XULStore.jsm, line 66: Error: Can't find profile directory.
1594520573727	Marionette	INFO	Listening on port 56530
1594520573865	Marionette	WARN	TLS certificate errors will be ignored for this session
1594520691360	Marionette	INFO	Stopped listening on port 56530

###!!! [Child][RunMessage] Error: Channel closing: too late to send/recv, messages will be lost


###!!! [Child][MessageChannel::SendAndWait] Error: Channel error: cannot send/recv

r	INFO	Running command: "C:\\Program Files\\Mozilla Firefox\\firefox.exe" "-marionette" "-foreground" "-no-remote" "-profile" "C:\\Users\\elsys\\AppData\\Local\\Temp\\rust_mozprofileZtumb1"
JavaScript error: resource://gre/modules/XULStore.jsm, line 66: Error: Can't find profile directory.
1594520602510	Marionette	INFO	Listening on port 56644
1594520602655	Marionette	WARN	TLS certificate errors will be ignored for this session
1594520664348	Marionette	INFO	Stopped listening on port 56644

###!!! [Child][RunMessage] Error: Channel closing: too late to send/recv, messages will be lost


###!!! [Child][MessageChannel::SendAndWait] Error: Channel error: cannot send/recv

r	INFO	Running command: "C:\\Program Files\\Mozilla Firefox\\firefox.exe" "-marionette" "-foreground" "-no-remote" "-profile" "C:\\Users\\elsys\\AppData\\Local\\Temp\\rust_mozprofileNCZK53"
JavaScript error: resource://gre/modules/XULStore.jsm, line 66: Error: Can't find profile directory.
1594520659083	Marionette	INFO	Listening on port 56824
1594520659238	Marionette	WARN	TLS certificate errors will be ignored for this session
1594520663524	Marionette	INFO	Stopped listening on port 56824

###!!! [Child][RunMessage] Error: Channel closing: too late to send/recv, messages will be lost


###!!! [Child][MessageChannel::SendAndWait] Error: Channel error: cannot send/recv

1594520676156	webdriver::command	WARN	You are using deprecated legacy session negotiation patterns (desiredCapabilities/requiredCapabilities), see https://developer.mozilla.org/en-US/docs/Web/WebDriver/Capabilities#Legacy
1594520676193	mozrunner::runner	INFO	Running command: "C:\\Program Files\\Mozilla Firefox\\firefox.exe" "-marionette" "-foreground" "-no-remote" "-profile" "C:\\Users\\elsys\\AppData\\Local\\Temp\\rust_mozprofile7cDbPw"
JavaScript error: resource://gre/modules/XULStore.jsm, line 66: Error: Can't find profile directory.
1594520678314	Marionette	INFO	Listening on port 56925
1594520678366	Marionette	WARN	TLS certificate errors will be ignored for this session
1594520690948	Marionette	INFO	Stopped listening on port 56925

###!!! [Child][RunMessage] Error: Channel closing: too late to send/recv, messages will be lost


###!!! [Child][MessageChannel::SendAndWait] Error: Channel error: cannot send/recv

1594520815202	webdriver::command	WARN	You are using deprecated legacy session negotiation patterns (desiredCapabilities/requiredCapabilities), see https://developer.mozilla.org/en-US/docs/Web/WebDriver/Capabilities#Legacy
1594520815241	mozrunner::runner	INFO	Running command: "C:\\Program Files\\Mozilla Firefox\\firefox.exe" "-marionette" "-foreground" "-no-remote" "-profile" "C:\\Users\\elsys\\AppData\\Local\\Temp\\rust_mozprofilenbmkSj"
JavaScript error: resource://gre/modules/XULStore.jsm, line 66: Error: Can't find profile directory.
1594520817144	Marionette	INFO	Listening on port 57359
1594520817292	Marionette	WARN	TLS certificate errors will be ignored for this session
1594520949836	Marionette	INFO	Stopped listening on port 57359

###!!! [Child][RunMessage] Error: Channel closing: too late to send/recv, messages will be lost


###!!! [Child][MessageChannel::SendAndWait] Error: Channel error: cannot send/recv

r	INFO	Running command: "C:\\Program Files\\Mozilla Firefox\\firefox.exe" "-marionette" "-foreground" "-no-remote" "-profile" "C:\\Users\\elsys\\AppData\\Local\\Temp\\rust_mozprofilemfJyFR"
JavaScript error: resource://gre/modules/XULStore.jsm, line 66: Error: Can't find profile directory.
1594520941727	Marionette	INFO	Listening on port 57991
1594520941822	Marionette	WARN	TLS certificate errors will be ignored for this session
1594520946306	Marionette	INFO	Stopped listening on port 57991

###!!! [Child][RunMessage] Error: Channel closing: too late to send/recv, messages will be lost


###!!! [Child][MessageChannel::SendAndWait] Error: Channel error: cannot send/recv

1594521046078	webdriver::command	WARN	You are using deprecated legacy session negotiation patterns (desiredCapabilities/requiredCapabilities), see https://developer.mozilla.org/en-US/docs/Web/WebDriver/Capabilities#Legacy
1594521046115	mozrunner::runner	INFO	Running command: "C:\\Program Files\\Mozilla Firefox\\firefox.exe" "-marionette" "-foreground" "-no-remote" "-profile" "C:\\Users\\elsys\\AppData\\Local\\Temp\\rust_mozprofileY8BNJx"
JavaScript error: resource://gre/modules/XULStore.jsm, line 66: Error: Can't find profile directory.
1594521048032	Marionette	INFO	Listening on port 58625
1594521048146	Marionette	WARN	TLS certificate errors will be ignored for this session
1594521056937	Marionette	INFO	Stopped listening on port 58625

###!!! [Child][RunMessage] Error: Channel closing: too late to send/recv, messages will be lost


###!!! [Child][MessageChannel::SendAndWait] Error: Channel error: cannot send/recv

1594521121589	webdriver::command	WARN	You are using deprecated legacy session negotiation patterns (desiredCapabilities/requiredCapabilities), see https://developer.mozilla.org/en-US/docs/Web/WebDriver/Capabilities#Legacy
1594521122957	mozrunner::runner	INFO	Running command: "C:\\Program Files\\Mozilla Firefox\\firefox.exe" "-marionette" "-foreground" "-no-remote" "-profile" "C:\\Users\\elsys\\AppData\\Local\\Temp\\rust_mozprofile4aWZO0"
JavaScript error: resource://gre/modules/XULStore.jsm, line 66: Error: Can't find profile directory.
1594521124972	Marionette	INFO	Listening on port 58986
1594521125020	Marionette	WARN	TLS certificate errors will be ignored for this session
1594521170506	Marionette	INFO	Stopped listening on port 58986

###!!! [Child][RunMessage] Error: Channel closing: too late to send/recv, messages will be lost


###!!! [Child][MessageChannel::SendAndWait] Error: Channel error: cannot send/recv

r	INFO	Running command: "C:\\Program Files\\Mozilla Firefox\\firefox.exe" "-marionette" "-foreground" "-no-remote" "-profile" "C:\\Users\\elsys\\AppData\\Local\\Temp\\rust_mozprofile6C52eb"
JavaScript error: resource://gre/modules/XULStore.jsm, line 66: Error: Can't find profile directory.
1594521132677	Marionette	INFO	Listening on port 59061
1594521132826	Marionette	WARN	TLS certificate errors will be ignored for this session
1594521166200	Marionette	INFO	Stopped listening on port 59061

###!!! [Child][RunMessage] Error: Channel closing: too late to send/recv, messages will be lost


###!!! [Child][MessageChannel::SendAndWait] Error: Channel error: cannot send/recv

1594521252398	mozrunner::runner	INFO	Running command: "C:\\Program Files\\Mozilla Firefox\\firefox.exe" "-marionette" "-foreground" "-no-remote" "-profile" "C:\\Users\\elsys\\AppData\\Local\\Temp\\rust_mozprofile6oMamg"
JavaScript error: resource://gre/modules/XULStore.jsm, line 66: Error: Can't find profile directory.
1594521254416	Marionette	INFO	Listening on port 59602
1594521254433	Marionette	WARN	TLS certificate errors will be ignored for this session
1594521267796	Marionette	INFO	Stopped listening on port 59602

###!!! [Child][RunMessage] Error: Channel closing: too late to send/recv, messages will be lost


###!!! [Child][MessageChannel::SendAndWait] Error: Channel error: cannot send/recv

1594521715750	mozrunner::runner	INFO	Running command: "C:\\Program Files\\Mozilla Firefox\\firefox.exe" "-marionette" "-foreground" "-no-remote" "-profile" "C:\\Users\\elsys\\AppData\\Local\\Temp\\rust_mozprofileBimH5b"
JavaScript error: resource://gre/modules/XULStore.jsm, line 66: Error: Can't find profile directory.
1594521717870	Marionette	INFO	Listening on port 60989
1594521718361	Marionette	WARN	TLS certificate errors will be ignored for this session
1594521801849	Marionette	INFO	Stopped listening on port 60989

###!!! [Child][RunMessage] Error: Channel closing: too late to send/recv, messages will be lost


###!!! [Child][MessageChannel::SendAndWait] Error: Channel error: cannot send/recv

/modules/XULStore.jsm, line 66: Error: Can't find profile directory.
1594521732532	Marionette	INFO	Listening on port 61088
1594521732632	Marionette	WARN	TLS certificate errors will be ignored for this session
1594521800405	Marionette	INFO	Stopped listening on port 61088

###!!! [Child][RunMessage] Error: Channel closing: too late to send/recv, messages will be lost


###!!! [Child][MessageChannel::SendAndWait] Error: Channel error: cannot send/recv

/modules/XULStore.jsm, line 66: Error: Can't find profile directory.
1594521742509	Marionette	INFO	Listening on port 61172
1594521742617	Marionette	WARN	TLS certificate errors will be ignored for this session
1594521758219	Marionette	INFO	Stopped listening on port 61172

###!!! [Child][RunMessage] Error: Channel closing: too late to send/recv, messages will be lost


###!!! [Child][MessageChannel::SendAndWait] Error: Channel error: cannot send/recv

1594521783555	mozrunner::runner	INFO	Running command: "C:\\Program Files\\Mozilla Firefox\\firefox.exe" "-marionette" "-foreground" "-no-remote" "-profile" "C:\\Users\\elsys\\AppData\\Local\\Temp\\rust_mozprofileAepxn2"
JavaScript error: resource://gre/modules/XULStore.jsm, line 66: Error: Can't find profile directory.
1594521785443	Marionette	INFO	Listening on port 61373
1594521785595	Marionette	WARN	TLS certificate errors will be ignored for this session
1594521799534	Marionette	INFO	Stopped listening on port 61373

###!!! [Child][RunMessage] Error: Channel closing: too late to send/recv, messages will be lost


###!!! [Child][MessageChannel::SendAndWait] Error: Channel error: cannot send/recv

1594521963668	mozrunner::runner	INFO	Running command: "C:\\Program Files\\Mozilla Firefox\\firefox.exe" "-marionette" "-foreground" "-no-remote" "-profile" "C:\\Users\\elsys\\AppData\\Local\\Temp\\rust_mozprofilenvZbp4"
JavaScript error: resource://gre/modules/XULStore.jsm, line 66: Error: Can't find profile directory.
1594521965673	Marionette	INFO	Listening on port 61939
1594521965678	Marionette	WARN	TLS certificate errors will be ignored for this session
1594521973839	Marionette	INFO	Stopped listening on port 61939

###!!! [Child][RunMessage] Error: Channel closing: too late to send/recv, messages will be lost


###!!! [Child][MessageChannel::SendAndWait] Error: Channel error: cannot send/recv

1594521984453	mozrunner::runner	INFO	Running command: "C:\\Program Files\\Mozilla Firefox\\firefox.exe" "-marionette" "-foreground" "-no-remote" "-profile" "C:\\Users\\elsys\\AppData\\Local\\Temp\\rust_mozprofile8iUf0e"
JavaScript error: resource://gre/modules/XULStore.jsm, line 66: Error: Can't find profile directory.
1594521986926	Marionette	INFO	Listening on port 62073
1594521987072	Marionette	WARN	TLS certificate errors will be ignored for this session
1594521997202	Marionette	INFO	Stopped listening on port 62073

###!!! [Child][RunMessage] Error: Channel closing: too late to send/recv, messages will be lost


###!!! [Child][MessageChannel::SendAndWait] Error: Channel error: cannot send/recv

1594522045266	mozrunner::runner	INFO	Running command: "C:\\Program Files\\Mozilla Firefox\\firefox.exe" "-marionette" "-foreground" "-no-remote" "-profile" "C:\\Users\\elsys\\AppData\\Local\\Temp\\rust_mozprofiletwBGnf"
JavaScript error: resource://gre/modules/XULStore.jsm, line 66: Error: Can't find profile directory.
1594522047303	Marionette	INFO	Listening on port 62330
1594522047378	Marionette	WARN	TLS certificate errors will be ignored for this session

###!!! [Child][RunMessage] Error: Channel closing: too late to send/recv, messages will be lost

1594522054521	Marionette	INFO	Stopped listening on port 62330

###!!! [Child][RunMessage] Error: Channel closing: too late to send/recv, messages will be lost


###!!! [Child][MessageChannel::SendAndWait] Error: Channel error: cannot send/recv

1594522062091	mozrunner::runner	INFO	Running command: "C:\\Program Files\\Mozilla Firefox\\firefox.exe" "-marionette" "-foreground" "-no-remote" "-profile" "C:\\Users\\elsys\\AppData\\Local\\Temp\\rust_mozprofileV3ZVZT"
JavaScript error: resource://gre/modules/XULStore.jsm, line 66: Error: Can't find profile directory.
1594522065077	Marionette	INFO	Listening on port 62452
1594522065205	Marionette	WARN	TLS certificate errors will be ignored for this session
1594522071847	Marionette	INFO	Stopped listening on port 62452

###!!! [Child][RunMessage] Error: Channel closing: too late to send/recv, messages will be lost


###!!! [Child][MessageChannel::SendAndWait] Error: Channel error: cannot send/recv

