1592198174587	mozrunner::runner	INFO	Running command: "C:\\Program Files\\Mozilla Firefox\\firefox.exe" "-marionette" "-foreground" "-no-remote" "-profile" "C:\\Users\\elsys\\AppData\\Local\\Temp\\rust_mozprofileVIE3IE"
JavaScript error: resource://gre/modules/XULStore.jsm, line 66: Error: Can't find profile directory.
1592198176518	Marionette	INFO	Listening on port 55620
1592198176603	Marionette	WARN	TLS certificate errors will be ignored for this session
1592198214294	Marionette	INFO	Stopped listening on port 55620

###!!! [Child][RunMessage] Error: Channel closing: too late to send/recv, messages will be lost


###!!! [Child][MessageChannel::SendAndWait] Error: Channel error: cannot send/recv

1592198220920	mozrunner::runner	INFO	Running command: "C:\\Program Files\\Mozilla Firefox\\firefox.exe" "-marionette" "-foreground" "-no-remote" "-profile" "C:\\Users\\elsys\\AppData\\Local\\Temp\\rust_mozprofileI4DT5A"
JavaScript error: resource://gre/modules/XULStore.jsm, line 66: Error: Can't find profile directory.
1592198222806	Marionette	INFO	Listening on port 55812
1592198222931	Marionette	WARN	TLS certificate errors will be ignored for this session
1592198268830	Marionette	INFO	Stopped listening on port 55812

###!!! [Child][RunMessage] Error: Channel closing: too late to send/recv, messages will be lost


###!!! [Child][MessageChannel::SendAndWait] Error: Channel error: cannot send/recv

1592201894494	mozrunner::runner	INFO	Running command: "C:\\Program Files\\Mozilla Firefox\\firefox.exe" "-marionette" "-foreground" "-no-remote" "-profile" "C:\\Users\\elsys\\AppData\\Local\\Temp\\rust_mozprofile80j08f"
JavaScript error: resource://gre/modules/XULStore.jsm, line 66: Error: Can't find profile directory.
1592201895970	Marionette	INFO	Listening on port 62769
1592201896020	Marionette	WARN	TLS certificate errors will be ignored for this session
1592201992393	Marionette	INFO	Stopped listening on port 62769

###!!! [Child][RunMessage] Error: Channel closing: too late to send/recv, messages will be lost


###!!! [Child][MessageChannel::SendAndWait] Error: Channel error: cannot send/recv

/modules/XULStore.jsm, line 66: Error: Can't find profile directory.
1592201950246	Marionette	INFO	Listening on port 62948
1592201950396	Marionette	WARN	TLS certificate errors will be ignored for this session
1592201991261	Marionette	INFO	Stopped listening on port 62948

###!!! [Child][RunMessage] Error: Channel closing: too late to send/recv, messages will be lost


###!!! [Child][MessageChannel::SendAndWait] Error: Channel error: cannot send/recv

/modules/XULStore.jsm, line 66: Error: Can't find profile directory.
1592201978856	Marionette	INFO	Listening on port 63072
1592201978974	Marionette	WARN	TLS certificate errors will be ignored for this session
1592201990476	Marionette	INFO	Stopped listening on port 63072

###!!! [Child][RunMessage] Error: Channel closing: too late to send/recv, messages will be lost


###!!! [Child][MessageChannel::SendAndWait] Error: Channel error: cannot send/recv

1592203051947	mozrunner::runner	INFO	Running command: "C:\\Program Files\\Mozilla Firefox\\firefox.exe" "-marionette" "-foreground" "-no-remote" "-profile" "C:\\Users\\elsys\\AppData\\Local\\Temp\\rust_mozprofileiQjheE"
JavaScript error: resource://gre/modules/XULStore.jsm, line 66: Error: Can't find profile directory.
1592203053363	Marionette	INFO	Listening on port 49515
1592203053473	Marionette	WARN	TLS certificate errors will be ignored for this session
1592203502308	Marionette	INFO	Stopped listening on port 49515

###!!! [Child][RunMessage] Error: Channel closing: too late to send/recv, messages will be lost


###!!! [Child][MessageChannel::SendAndWait] Error: Channel error: cannot send/recv

/modules/XULStore.jsm, line 66: Error: Can't find profile directory.
1592203180037	Marionette	INFO	Listening on port 49875
1592203180287	Marionette	WARN	TLS certificate errors will be ignored for this session
1592203503595	Marionette	INFO	Stopped listening on port 49875

###!!! [Child][RunMessage] Error: Channel closing: too late to send/recv, messages will be lost


###!!! [Child][MessageChannel::SendAndWait] Error: Channel error: cannot send/recv

/modules/XULStore.jsm, line 66: Error: Can't find profile directory.
1592203381947	Marionette	INFO	Listening on port 50420
1592203382053	Marionette	WARN	TLS certificate errors will be ignored for this session
1592203504599	Marionette	INFO	Stopped listening on port 50420

###!!! [Child][RunMessage] Error: Channel closing: too late to send/recv, messages will be lost


###!!! [Child][MessageChannel::SendAndWait] Error: Channel error: cannot send/recv

1592203528890	mozrunner::runner	INFO	Running command: "C:\\Program Files\\Mozilla Firefox\\firefox.exe" "-marionette" "-foreground" "-no-remote" "-profile" "C:\\Users\\elsys\\AppData\\Local\\Temp\\rust_mozprofileyeQYBR"
JavaScript error: resource://gre/modules/XULStore.jsm, line 66: Error: Can't find profile directory.
1592203530309	Marionette	INFO	Listening on port 50828
1592203530420	Marionette	WARN	TLS certificate errors will be ignored for this session
1592203541114	Marionette	INFO	Stopped listening on port 50828

###!!! [Child][RunMessage] Error: Channel closing: too late to send/recv, messages will be lost


###!!! [Child][MessageChannel::SendAndWait] Error: Channel error: cannot send/recv

1592204423630	mozrunner::runner	INFO	Running command: "C:\\Program Files\\Mozilla Firefox\\firefox.exe" "-marionette" "-foreground" "-no-remote" "-profile" "C:\\Users\\elsys\\AppData\\Local\\Temp\\rust_mozprofiled4umux"
JavaScript error: resource://gre/modules/XULStore.jsm, line 66: Error: Can't find profile directory.
1592204425100	Marionette	INFO	Listening on port 53098
1592204425137	Marionette	WARN	TLS certificate errors will be ignored for this session
1592204435959	Marionette	INFO	Stopped listening on port 53098
JavaScript error: resource://gre/modules/UrlClassifierListManager.jsm, line 691: TypeError: this.tablesData[table] is undefined

###!!! [Child][RunMessage] Error: Channel closing: too late to send/recv, messages will be lost


###!!! [Child][MessageChannel::SendAndWait] Error: Channel error: cannot send/recv

1592204445842	mozrunner::runner	INFO	Running command: "C:\\Program Files\\Mozilla Firefox\\firefox.exe" "-marionette" "-foreground" "-no-remote" "-profile" "C:\\Users\\elsys\\AppData\\Local\\Temp\\rust_mozprofilewJc4V8"
JavaScript error: resource://gre/modules/XULStore.jsm, line 66: Error: Can't find profile directory.
1592204447271	Marionette	INFO	Listening on port 53202
1592204447350	Marionette	WARN	TLS certificate errors will be ignored for this session
1592204459415	Marionette	INFO	Stopped listening on port 53202

###!!! [Child][RunMessage] Error: Channel closing: too late to send/recv, messages will be lost


###!!! [Child][MessageChannel::SendAndWait] Error: Channel error: cannot send/recv

1592204469020	mozrunner::runner	INFO	Running command: "C:\\Program Files\\Mozilla Firefox\\firefox.exe" "-marionette" "-foreground" "-no-remote" "-profile" "C:\\Users\\elsys\\AppData\\Local\\Temp\\rust_mozprofileJq962e"
JavaScript error: resource://gre/modules/XULStore.jsm, line 66: Error: Can't find profile directory.
1592204470519	Marionette	INFO	Listening on port 53304
1592204470537	Marionette	WARN	TLS certificate errors will be ignored for this session
1592204486992	Marionette	INFO	Stopped listening on port 53304

###!!! [Child][RunMessage] Error: Channel closing: too late to send/recv, messages will be lost


###!!! [Child][MessageChannel::SendAndWait] Error: Channel error: cannot send/recv

1592204665512	mozrunner::runner	INFO	Running command: "C:\\Program Files\\Mozilla Firefox\\firefox.exe" "-marionette" "-foreground" "-no-remote" "-profile" "C:\\Users\\elsys\\AppData\\Local\\Temp\\rust_mozprofileQVqwED"
JavaScript error: resource://gre/modules/XULStore.jsm, line 66: Error: Can't find profile directory.
1592204666991	Marionette	INFO	Listening on port 53836
1592204667022	Marionette	WARN	TLS certificate errors will be ignored for this session
1592204682099	Marionette	INFO	Stopped listening on port 53836

###!!! [Child][RunMessage] Error: Channel closing: too late to send/recv, messages will be lost


###!!! [Child][MessageChannel::SendAndWait] Error: Channel error: cannot send/recv

1592204772708	mozrunner::runner	INFO	Running command: "C:\\Program Files\\Mozilla Firefox\\firefox.exe" "-marionette" "-foreground" "-no-remote" "-profile" "C:\\Users\\elsys\\AppData\\Local\\Temp\\rust_mozprofilekeg4vN"
JavaScript error: resource://gre/modules/XULStore.jsm, line 66: Error: Can't find profile directory.
1592204774184	Marionette	INFO	Listening on port 54148
1592204774218	Marionette	WARN	TLS certificate errors will be ignored for this session
1592204796934	Marionette	INFO	Stopped listening on port 54148

###!!! [Child][RunMessage] Error: Channel closing: too late to send/recv, messages will be lost


###!!! [Child][MessageChannel::SendAndWait] Error: Channel error: cannot send/recv

1592204875687	mozrunner::runner	INFO	Running command: "C:\\Program Files\\Mozilla Firefox\\firefox.exe" "-marionette" "-foreground" "-no-remote" "-profile" "C:\\Users\\elsys\\AppData\\Local\\Temp\\rust_mozprofileLoTpPz"
JavaScript error: resource://gre/modules/XULStore.jsm, line 66: Error: Can't find profile directory.
1592204877155	Marionette	INFO	Listening on port 54456
1592204877209	Marionette	WARN	TLS certificate errors will be ignored for this session
1592219398019	Marionette	INFO	Stopped listening on port 54456

###!!! [Child][RunMessage] Error: Channel closing: too late to send/recv, messages will be lost


###!!! [Child][MessageChannel::SendAndWait] Error: Channel error: cannot send/recv

/modules/XULStore.jsm, line 66: Error: Can't find profile directory.
1592204900291	Marionette	INFO	Listening on port 54561
1592204900330	Marionette	WARN	TLS certificate errors will be ignored for this session
1592204920848	Marionette	INFO	Stopped listening on port 54561

###!!! [Child][RunMessage] Error: Channel closing: too late to send/recv, messages will be lost


###!!! [Child][MessageChannel::SendAndWait] Error: Channel error: cannot send/recv

1592206024940	mozrunner::runner	INFO	Running command: "C:\\Program Files\\Mozilla Firefox\\firefox.exe" "-marionette" "-foreground" "-no-remote" "-profile" "C:\\Users\\elsys\\AppData\\Local\\Temp\\rust_mozprofilexyY35Z"
JavaScript error: resource://gre/modules/XULStore.jsm, line 66: Error: Can't find profile directory.
1592206026246	Marionette	INFO	Listening on port 57378
1592206026453	Marionette	WARN	TLS certificate errors will be ignored for this session
1592206069753	Marionette	INFO	Stopped listening on port 57378

###!!! [Child][RunMessage] Error: Channel closing: too late to send/recv, messages will be lost


###!!! [Child][MessageChannel::SendAndWait] Error: Channel error: cannot send/recv

1592206104074	mozrunner::runner	INFO	Running command: "C:\\Program Files\\Mozilla Firefox\\firefox.exe" "-marionette" "-foreground" "-no-remote" "-profile" "C:\\Users\\elsys\\AppData\\Local\\Temp\\rust_mozprofileMlhRUo"
JavaScript error: resource://gre/modules/XULStore.jsm, line 66: Error: Can't find profile directory.
1592206105609	Marionette	INFO	Listening on port 57638
1592206106083	Marionette	WARN	TLS certificate errors will be ignored for this session
JavaScript error: resource://gre/modules/NetworkGeolocationProvider.jsm, line 555: TypeError: xhr.response.location is undefined
1592206122346	Marionette	INFO	Stopped listening on port 57638

###!!! [Child][RunMessage] Error: Channel closing: too late to send/recv, messages will be lost


###!!! [Child][MessageChannel::SendAndWait] Error: Channel error: cannot send/recv

1592206285836	mozrunner::runner	INFO	Running command: "C:\\Program Files\\Mozilla Firefox\\firefox.exe" "-marionette" "-foreground" "-no-remote" "-profile" "C:\\Users\\elsys\\AppData\\Local\\Temp\\rust_mozprofileTup1vc"
JavaScript error: resource://gre/modules/XULStore.jsm, line 66: Error: Can't find profile directory.
1592206287223	Marionette	INFO	Listening on port 58151
1592206287365	Marionette	WARN	TLS certificate errors will be ignored for this session
1592206306377	Marionette	INFO	Stopped listening on port 58151

###!!! [Child][MessageChannel::SendAndWait] Error: Channel error: cannot send/recv

1592217444632	mozrunner::runner	INFO	Running command: "C:\\Program Files\\Mozilla Firefox\\firefox.exe" "-marionette" "-foreground" "-no-remote" "-profile" "C:\\Users\\elsys\\AppData\\Local\\Temp\\rust_mozprofileFeWKED"
JavaScript error: resource://gre/modules/XULStore.jsm, line 66: Error: Can't find profile directory.
1592217446235	Marionette	INFO	Listening on port 52913
1592217446643	Marionette	WARN	TLS certificate errors will be ignored for this session
1592217464435	Marionette	INFO	Stopped listening on port 52913

###!!! [Child][RunMessage] Error: Channel closing: too late to send/recv, messages will be lost


###!!! [Child][MessageChannel::SendAndWait] Error: Channel error: cannot send/recv

